#
# There is insufficient memory for the Java Runtime Environment to continue.
# Native memory allocation (malloc) failed to allocate 774976 bytes for Chunk::new
# Possible reasons:
#   The system is out of physical RAM or swap space
#   The process is running with CompressedOops enabled, and the Java Heap may be blocking the growth of the native heap
# Possible solutions:
#   Reduce memory load on the system
#   Increase physical memory or swap space
#   Check if swap backing store is full
#   Decrease Java heap size (-Xmx/-Xms)
#   Decrease number of Java threads
#   Decrease Java thread stack sizes (-Xss)
#   Set larger code cache with -XX:ReservedCodeCacheSize=
#   JVM is running with Unscaled Compressed Oops mode in which the Java heap is
#     placed in the first 4GB address space. The Java Heap base address is the
#     maximum limit for the native heap growth. Please use -XX:HeapBaseMinAddress
#     to set the Java Heap base and to place the Java Heap above 4GB virtual address.
# This output file may be truncated or incomplete.
#
#  Out of Memory Error (allocation.cpp:389), pid=5864, tid=0x00000000000023a8
#
# JRE version: OpenJDK Runtime Environment (8.0_212-b04) (build 1.8.0_212-release-1586-b04)
# Java VM: OpenJDK 64-Bit Server VM (25.212-b04 mixed mode windows-amd64 compressed oops)
# Failed to write core dump. Minidumps are not enabled by default on client versions of Windows
#

---------------  T H R E A D  ---------------

Current thread (0x00000000187f5800):  JavaThread "C2 CompilerThread0" daemon [_thread_in_native, id=9128, stack(0x00000000190e0000,0x00000000191e0000)]

Stack: [0x00000000190e0000,0x00000000191e0000]
[error occurred during error reporting (printing stack bounds), id 0xc0000005]

Native frames: (J=compiled Java code, j=interpreted, Vv=VM code, C=native code)


Current CompileTask:
C2:   6444 4264   !   4       com.sun.beans.TypeResolver::resolve (274 bytes)


---------------  P R O C E S S  ---------------

Java Threads: ( => current thread )
  0x000000001eb7a800 JavaThread "Cache worker for Build Output Cleanup Cache (C:\Users\vlada\AndroidStudioProjects\MyApplication\.gradle\buildOutputCleanup)" [_thread_blocked, id=7036, stack(0x00000000228c0000,0x00000000229c0000)]
  0x000000001eb73000 JavaThread "Build operations Thread 8" [_thread_blocked, id=7948, stack(0x00000000223c0000,0x00000000224c0000)]
  0x000000001eb74000 JavaThread "Build operations Thread 7" [_thread_blocked, id=8208, stack(0x00000000222c0000,0x00000000223c0000)]
  0x000000001eb7a000 JavaThread "Build operations Thread 6" [_thread_blocked, id=6416, stack(0x00000000221c0000,0x00000000222c0000)]
  0x000000001eb72000 JavaThread "Build operations Thread 5" [_thread_blocked, id=6884, stack(0x00000000220c0000,0x00000000221c0000)]
  0x000000001eb76000 JavaThread "Build operations Thread 4" [_thread_blocked, id=4832, stack(0x0000000021fc0000,0x00000000220c0000)]
  0x000000001eb79000 JavaThread "Build operations Thread 3" [_thread_blocked, id=7332, stack(0x0000000021ec0000,0x0000000021fc0000)]
  0x000000001eb71800 JavaThread "Build operations Thread 2" [_thread_blocked, id=1720, stack(0x0000000021dc0000,0x0000000021ec0000)]
  0x000000001eb78800 JavaThread "Build operations" [_thread_blocked, id=6536, stack(0x0000000021cc0000,0x0000000021dc0000)]
  0x000000001eb70800 JavaThread "Cache worker for execution history cache (C:\Users\vlada\.gradle\caches\5.6.4\executionHistory)" [_thread_blocked, id=7212, stack(0x0000000020730000,0x0000000020830000)]
  0x000000001eb77800 JavaThread "Cache worker for cache directory md-rule (C:\Users\vlada\.gradle\caches\5.6.4\md-rule)" [_thread_blocked, id=7636, stack(0x0000000020630000,0x0000000020730000)]
  0x000000001eb70000 JavaThread "Cache worker for cache directory md-supplier (C:\Users\vlada\.gradle\caches\5.6.4\md-supplier)" [_thread_blocked, id=8844, stack(0x000000001f8d0000,0x000000001f9d0000)]
  0x0000000018811800 JavaThread "Cache worker for file hash cache (C:\Users\vlada\AndroidStudioProjects\MyApplication\.gradle\5.6.4\fileHashes)" [_thread_blocked, id=2860, stack(0x000000001f7d0000,0x000000001f8d0000)]
  0x0000000018810000 JavaThread "Cache worker for journal cache (C:\Users\vlada\.gradle\caches\journal-1)" [_thread_blocked, id=3404, stack(0x000000001d530000,0x000000001d630000)]
  0x000000001880f000 JavaThread "File lock request listener" [_thread_in_native, id=8000, stack(0x000000001d430000,0x000000001d530000)]
  0x000000001983f800 JavaThread "Cache worker for file hash cache (C:\Users\vlada\.gradle\caches\5.6.4\fileHashes)" [_thread_blocked, id=9212, stack(0x000000001d130000,0x000000001d230000)]
  0x000000001b197000 JavaThread "Thread-9" [_thread_blocked, id=5608, stack(0x000000001d030000,0x000000001d130000)]
  0x000000001b14e800 JavaThread "Stdin handler" [_thread_blocked, id=4684, stack(0x000000001cf30000,0x000000001d030000)]
  0x000000001b194000 JavaThread "Asynchronous log dispatcher for DefaultDaemonConnection: socket connection from /127.0.0.1:54059 to /127.0.0.1:54060" [_thread_blocked, id=6164, stack(0x000000001ce30000,0x000000001cf30000)]
  0x000000001b191800 JavaThread "Daemon worker" [_thread_in_vm, id=4744, stack(0x000000001cd30000,0x000000001ce30000)]
  0x000000001b152000 JavaThread "Cancel handler" [_thread_blocked, id=8392, stack(0x000000001cc30000,0x000000001cd30000)]
  0x000000001a3fb000 JavaThread "Handler for socket connection from /127.0.0.1:54059 to /127.0.0.1:54060" [_thread_in_native, id=7864, stack(0x000000001c930000,0x000000001ca30000)]
  0x000000001b121800 JavaThread "Daemon" [_thread_blocked, id=1312, stack(0x000000001c830000,0x000000001c930000)]
  0x000000001b10b800 JavaThread "Daemon periodic checks" [_thread_blocked, id=4628, stack(0x000000001c730000,0x000000001c830000)]
  0x000000001b0a2800 JavaThread "Incoming local TCP Connector on port 54059" [_thread_in_native, id=7952, stack(0x000000001c4e0000,0x000000001c5e0000)]
  0x0000000018931800 JavaThread "Daemon health stats" [_thread_blocked, id=8520, stack(0x000000001be80000,0x000000001bf80000)]
  0x000000001889c800 JavaThread "Service Thread" daemon [_thread_blocked, id=1968, stack(0x00000000194e0000,0x00000000195e0000)]
  0x000000001880e800 JavaThread "C1 CompilerThread3" daemon [_thread_blocked, id=7824, stack(0x00000000193e0000,0x00000000194e0000)]
  0x0000000018807800 JavaThread "C2 CompilerThread2" daemon [_thread_in_native, id=5760, stack(0x00000000192e0000,0x00000000193e0000)]
  0x00000000187f9800 JavaThread "C2 CompilerThread1" daemon [_thread_in_native, id=5216, stack(0x00000000191e0000,0x00000000192e0000)]
=>0x00000000187f5800 JavaThread "C2 CompilerThread0" daemon [_thread_in_native, id=9128, stack(0x00000000190e0000,0x00000000191e0000)]
  0x00000000187f3800 JavaThread "Attach Listener" daemon [_thread_blocked, id=1368, stack(0x0000000018fe0000,0x00000000190e0000)]
  0x00000000187f1800 JavaThread "Signal Dispatcher" daemon [_thread_blocked, id=8900, stack(0x0000000018ee0000,0x0000000018fe0000)]
  0x00000000187e0800 JavaThread "Finalizer" daemon [_thread_blocked, id=2272, stack(0x0000000018cc0000,0x0000000018dc0000)]
  0x0000000002bf4000 JavaThread "Reference Handler" daemon [_thread_blocked, id=2652, stack(0x0000000018bc0000,0x0000000018cc0000)]
  0x0000000002b00800 JavaThread "main" [_thread_blocked, id=5752, stack(0x0000000002a00000,0x0000000002b00000)]

Other Threads:
  0x00000000169d9000 VMThread [stack: 0x00000000186c0000,0x00000000187c0000] [id=7188]
  0x000000001889d800 WatcherThread [stack: 0x00000000195e0000,0x00000000196e0000] [id=2688]

VM state:at safepoint (normal execution)

VM Mutex/Monitor currently owned by a thread:  ([mutex/lock_event])
[0x000000000299cc10] Threads_lock - owner thread: 0x00000000169d9000
[0x000000000299e2a0] Compile_lock - owner thread: 0x000000001b191800

heap address: 0x00000000a0000000, size: 1536 MB, Compressed Oops mode: 32-bit
Narrow klass base: 0x0000000000000000, Narrow klass shift: 3
Compressed class space size: 1073741824 Address: 0x0000000100000000

Heap:
 PSYoungGen      total 149504K, used 42757K [0x00000000e0000000, 0x00000000ea580000, 0x0000000100000000)
  eden space 137216K, 22% used [0x00000000e0000000,0x00000000e1dc36d0,0x00000000e8600000)
  from space 12288K, 99% used [0x00000000e9980000,0x00000000ea57dea8,0x00000000ea580000)
  to   space 14848K, 0% used [0x00000000e8880000,0x00000000e8880000,0x00000000e9700000)
 ParOldGen       total 89088K, used 19037K [0x00000000a0000000, 0x00000000a5700000, 0x00000000e0000000)
  object space 89088K, 21% used [0x00000000a0000000,0x00000000a1297440,0x00000000a5700000)
 Metaspace       used 47518K, capacity 48726K, committed 49024K, reserved 1091584K
  class space    used 6355K, capacity 6670K, committed 6784K, reserved 1048576K

Card table byte_map: [0x0000000011fc0000,0x00000000122d0000] byte_map_base: 0x0000000011ac0000

Marking Bits: (ParMarkBitMap*) 0x000000005d2b9f30
 Begin Bits: [0x0000000012cd0000, 0x00000000144d0000)
 End Bits:   [0x00000000144d0000, 0x0000000015cd0000)

Polling page: 0x0000000002970000

CodeCache: size=245760Kb used=13086Kb max_used=13396Kb free=232673Kb
 bounds [0x0000000002c00000, 0x0000000003930000, 0x0000000011c00000]
 total_blobs=4652 nmethods=3886 adapters=679
 compilation: enabled

Compilation events (10 events):
Event: 6.411 Thread 0x000000001880e800 nmethod 4277 0x0000000002ff8ed0 code [0x0000000002ff9080, 0x0000000002ff9478]
Event: 6.411 Thread 0x000000001880e800 4278       3       org.codehaus.groovy.reflection.stdclasses.CachedSAMClass$1::run (8 bytes)
Event: 6.411 Thread 0x000000001880e800 nmethod 4278 0x0000000002ff88d0 code [0x0000000002ff8a60, 0x0000000002ff8d78]
Event: 6.420 Thread 0x00000000187f9800 4279       4       java.lang.reflect.Method::getGenericInfo (27 bytes)
Event: 6.425 Thread 0x00000000187f9800 nmethod 4279 0x0000000002ef0350 code [0x0000000002ef04e0, 0x0000000002ef0948]
Event: 6.426 Thread 0x00000000187f9800 4280       4       java.util.jar.JarFile::getManifestFromReference (117 bytes)
Event: 6.427 Thread 0x000000001880e800 4281       3       org.gradle.internal.instantiation.AbstractClassGenerator$InjectionAnnotationValidator::validateMethod (160 bytes)
Event: 6.428 Thread 0x000000001880e800 nmethod 4281 0x00000000032484d0 code [0x0000000003248800, 0x0000000003249ec8]
Event: 6.429 Thread 0x000000001880e800 4282       1       groovy.lang.GroovyObjectSupport::getMetaClass (5 bytes)
Event: 6.429 Thread 0x000000001880e800 nmethod 4282 0x0000000003234a50 code [0x0000000003234ba0, 0x0000000003234cb0]

GC Heap History (10 events):
Event: 3.790 GC heap before
{Heap before GC invocations=8 (full 1):
 PSYoungGen      total 75776K, used 65024K [0x00000000e0000000, 0x00000000e5600000, 0x0000000100000000)
  eden space 65024K, 100% used [0x00000000e0000000,0x00000000e3f80000,0x00000000e3f80000)
  from space 10752K, 0% used [0x00000000e4a80000,0x00000000e4a80000,0x00000000e5500000)
  to   space 11264K, 0% used [0x00000000e3f80000,0x00000000e3f80000,0x00000000e4a80000)
 ParOldGen       total 58880K, used 9485K [0x00000000a0000000, 0x00000000a3980000, 0x00000000e0000000)
  object space 58880K, 16% used [0x00000000a0000000,0x00000000a0943658,0x00000000a3980000)
 Metaspace       used 29049K, capacity 29570K, committed 29696K, reserved 1075200K
  class space    used 3911K, capacity 4069K, committed 4096K, reserved 1048576K
Event: 3.797 GC heap after
Heap after GC invocations=8 (full 1):
 PSYoungGen      total 76288K, used 8127K [0x00000000e0000000, 0x00000000e7e00000, 0x0000000100000000)
  eden space 65024K, 0% used [0x00000000e0000000,0x00000000e0000000,0x00000000e3f80000)
  from space 11264K, 72% used [0x00000000e3f80000,0x00000000e476fdf0,0x00000000e4a80000)
  to   space 11776K, 0% used [0x00000000e7280000,0x00000000e7280000,0x00000000e7e00000)
 ParOldGen       total 58880K, used 9493K [0x00000000a0000000, 0x00000000a3980000, 0x00000000e0000000)
  object space 58880K, 16% used [0x00000000a0000000,0x00000000a0945658,0x00000000a3980000)
 Metaspace       used 29049K, capacity 29570K, committed 29696K, reserved 1075200K
  class space    used 3911K, capacity 4069K, committed 4096K, reserved 1048576K
}
Event: 4.379 GC heap before
{Heap before GC invocations=9 (full 1):
 PSYoungGen      total 76288K, used 73151K [0x00000000e0000000, 0x00000000e7e00000, 0x0000000100000000)
  eden space 65024K, 100% used [0x00000000e0000000,0x00000000e3f80000,0x00000000e3f80000)
  from space 11264K, 72% used [0x00000000e3f80000,0x00000000e476fdf0,0x00000000e4a80000)
  to   space 11776K, 0% used [0x00000000e7280000,0x00000000e7280000,0x00000000e7e00000)
 ParOldGen       total 58880K, used 9493K [0x00000000a0000000, 0x00000000a3980000, 0x00000000e0000000)
  object space 58880K, 16% used [0x00000000a0000000,0x00000000a0945658,0x00000000a3980000)
 Metaspace       used 32066K, capacity 32576K, committed 32768K, reserved 1077248K
  class space    used 4397K, capacity 4559K, committed 4608K, reserved 1048576K
Event: 4.390 GC heap after
Heap after GC invocations=9 (full 1):
 PSYoungGen      total 117248K, used 8488K [0x00000000e0000000, 0x00000000e7e80000, 0x0000000100000000)
  eden space 105472K, 0% used [0x00000000e0000000,0x00000000e0000000,0x00000000e6700000)
  from space 11776K, 72% used [0x00000000e7280000,0x00000000e7aca2b8,0x00000000e7e00000)
  to   space 11776K, 0% used [0x00000000e6700000,0x00000000e6700000,0x00000000e7280000)
 ParOldGen       total 58880K, used 9501K [0x00000000a0000000, 0x00000000a3980000, 0x00000000e0000000)
  object space 58880K, 16% used [0x00000000a0000000,0x00000000a0947658,0x00000000a3980000)
 Metaspace       used 32066K, capacity 32576K, committed 32768K, reserved 1077248K
  class space    used 4397K, capacity 4559K, committed 4608K, reserved 1048576K
}
Event: 4.966 GC heap before
{Heap before GC invocations=10 (full 1):
 PSYoungGen      total 117248K, used 68119K [0x00000000e0000000, 0x00000000e7e80000, 0x0000000100000000)
  eden space 105472K, 56% used [0x00000000e0000000,0x00000000e3a3b9b0,0x00000000e6700000)
  from space 11776K, 72% used [0x00000000e7280000,0x00000000e7aca2b8,0x00000000e7e00000)
  to   space 11776K, 0% used [0x00000000e6700000,0x00000000e6700000,0x00000000e7280000)
 ParOldGen       total 58880K, used 9501K [0x00000000a0000000, 0x00000000a3980000, 0x00000000e0000000)
  object space 58880K, 16% used [0x00000000a0000000,0x00000000a0947658,0x00000000a3980000)
 Metaspace       used 34573K, capacity 35396K, committed 35456K, reserved 1079296K
  class space    used 4756K, capacity 4977K, committed 4992K, reserved 1048576K
Event: 4.974 GC heap after
Heap after GC invocations=10 (full 1):
 PSYoungGen      total 117248K, used 9859K [0x00000000e0000000, 0x00000000ea580000, 0x0000000100000000)
  eden space 105472K, 0% used [0x00000000e0000000,0x00000000e0000000,0x00000000e6700000)
  from space 11776K, 83% used [0x00000000e6700000,0x00000000e70a0e98,0x00000000e7280000)
  to   space 12288K, 0% used [0x00000000e9980000,0x00000000e9980000,0x00000000ea580000)
 ParOldGen       total 58880K, used 9509K [0x00000000a0000000, 0x00000000a3980000, 0x00000000e0000000)
  object space 58880K, 16% used [0x00000000a0000000,0x00000000a0949658,0x00000000a3980000)
 Metaspace       used 34573K, capacity 35396K, committed 35456K, reserved 1079296K
  class space    used 4756K, capacity 4977K, committed 4992K, reserved 1048576K
}
Event: 4.974 GC heap before
{Heap before GC invocations=11 (full 2):
 PSYoungGen      total 117248K, used 9859K [0x00000000e0000000, 0x00000000ea580000, 0x0000000100000000)
  eden space 105472K, 0% used [0x00000000e0000000,0x00000000e0000000,0x00000000e6700000)
  from space 11776K, 83% used [0x00000000e6700000,0x00000000e70a0e98,0x00000000e7280000)
  to   space 12288K, 0% used [0x00000000e9980000,0x00000000e9980000,0x00000000ea580000)
 ParOldGen       total 58880K, used 9509K [0x00000000a0000000, 0x00000000a3980000, 0x00000000e0000000)
  object space 58880K, 16% used [0x00000000a0000000,0x00000000a0949658,0x00000000a3980000)
 Metaspace       used 34573K, capacity 35396K, committed 35456K, reserved 1079296K
  class space    used 4756K, capacity 4977K, committed 4992K, reserved 1048576K
Event: 5.016 GC heap after
Heap after GC invocations=11 (full 2):
 PSYoungGen      total 117248K, used 0K [0x00000000e0000000, 0x00000000ea580000, 0x0000000100000000)
  eden space 105472K, 0% used [0x00000000e0000000,0x00000000e0000000,0x00000000e6700000)
  from space 11776K, 0% used [0x00000000e6700000,0x00000000e6700000,0x00000000e7280000)
  to   space 12288K, 0% used [0x00000000e9980000,0x00000000e9980000,0x00000000ea580000)
 ParOldGen       total 89088K, used 16686K [0x00000000a0000000, 0x00000000a5700000, 0x00000000e0000000)
  object space 89088K, 18% used [0x00000000a0000000,0x00000000a104bba8,0x00000000a5700000)
 Metaspace       used 34540K, capacity 35288K, committed 35456K, reserved 1079296K
  class space    used 4746K, capacity 4959K, committed 4992K, reserved 1048576K
}
Event: 6.128 GC heap before
{Heap before GC invocations=12 (full 2):
 PSYoungGen      total 117248K, used 105472K [0x00000000e0000000, 0x00000000ea580000, 0x0000000100000000)
  eden space 105472K, 100% used [0x00000000e0000000,0x00000000e6700000,0x00000000e6700000)
  from space 11776K, 0% used [0x00000000e6700000,0x00000000e6700000,0x00000000e7280000)
  to   space 12288K, 0% used [0x00000000e9980000,0x00000000e9980000,0x00000000ea580000)
 ParOldGen       total 89088K, used 16686K [0x00000000a0000000, 0x00000000a5700000, 0x00000000e0000000)
  object space 89088K, 18% used [0x00000000a0000000,0x00000000a104bba8,0x00000000a5700000)
 Metaspace       used 45073K, capacity 46150K, committed 46336K, reserved 1089536K
  class space    used 6053K, capacity 6351K, committed 6400K, reserved 1048576K
Event: 6.147 GC heap after
Heap after GC invocations=12 (full 2):
 PSYoungGen      total 149504K, used 12279K [0x00000000e0000000, 0x00000000ea580000, 0x0000000100000000)
  eden space 137216K, 0% used [0x00000000e0000000,0x00000000e0000000,0x00000000e8600000)
  from space 12288K, 99% used [0x00000000e9980000,0x00000000ea57dea8,0x00000000ea580000)
  to   space 14848K, 0% used [0x00000000e8880000,0x00000000e8880000,0x00000000e9700000)
 ParOldGen       total 89088K, used 19037K [0x00000000a0000000, 0x00000000a5700000, 0x00000000e0000000)
  object space 89088K, 21% used [0x00000000a0000000,0x00000000a1297440,0x00000000a5700000)
 Metaspace       used 45073K, capacity 46150K, committed 46336K, reserved 1089536K
  class space    used 6053K, capacity 6351K, committed 6400K, reserved 1048576K
}

Deoptimization events (10 events):
Event: 5.762 Thread 0x000000001b191800 Uncommon trap: reason=unstable_if action=reinterpret pc=0x0000000003760e3c method=java.security.CodeSource.matchCerts(Ljava/security/CodeSource;Z)Z @ 11
Event: 5.779 Thread 0x000000001b191800 Uncommon trap: reason=unstable_if action=reinterpret pc=0x000000000368eb34 method=java.util.LinkedHashMap.get(Ljava/lang/Object;)Ljava/lang/Object; @ 20
Event: 5.837 Thread 0x000000001b191800 Uncommon trap: reason=unstable_if action=reinterpret pc=0x0000000003496d4c method=org.objectweb.asm.ByteVector.putUTF8(Ljava/lang/String;)Lorg/objectweb/asm/ByteVector; @ 93
Event: 6.184 Thread 0x000000001b191800 Uncommon trap: reason=unstable_if action=reinterpret pc=0x0000000003554ea4 method=org.gradle.internal.reflect.PropertyAccessorType.of(Ljava/lang/reflect/Method;)Lorg/gradle/internal/reflect/PropertyAccessorType; @ 56
Event: 6.330 Thread 0x000000001b191800 Uncommon trap: reason=speculate_class_check action=maybe_recompile pc=0x0000000003641568 method=com.google.common.collect.AbstractIndexedListIterator.next()Ljava/lang/Object; @ 27
Event: 6.330 Thread 0x000000001b191800 Uncommon trap: reason=speculate_class_check action=maybe_recompile pc=0x0000000003641568 method=com.google.common.collect.AbstractIndexedListIterator.next()Ljava/lang/Object; @ 27
Event: 6.330 Thread 0x000000001b191800 Uncommon trap: reason=speculate_class_check action=maybe_recompile pc=0x0000000003641568 method=com.google.common.collect.AbstractIndexedListIterator.next()Ljava/lang/Object; @ 27
Event: 6.330 Thread 0x000000001b191800 Uncommon trap: reason=speculate_class_check action=maybe_recompile pc=0x0000000003641568 method=com.google.common.collect.AbstractIndexedListIterator.next()Ljava/lang/Object; @ 27
Event: 6.343 Thread 0x000000001b191800 Uncommon trap: reason=unstable_if action=reinterpret pc=0x00000000037dff6c method=org.gradle.internal.instantiation.AbstractClassGenerator$InjectionAnnotationValidator.validateMethod(Ljava/lang/reflect/Method;Lorg/gradle/internal/reflect/PropertyAccessorT
Event: 6.396 Thread 0x000000001b191800 Uncommon trap: reason=bimorphic action=maybe_recompile pc=0x000000000342c53c method=java.util.WeakHashMap.eq(Ljava/lang/Object;Ljava/lang/Object;)Z @ 7

Classes redefined (0 events):
No events

Internal exceptions (10 events):
Event: 6.405 Thread 0x000000001b191800 Exception <a 'java/lang/ClassNotFoundException': build_27td6phpu8sdf1ti0zq6ys11p$_run_closure1BeanInfo> (0x00000000e18c7b40) thrown at [D:\src\AOSP-openjdk-cygwin\jdk8u\hotspot\src\share\vm\classfile\systemDictionary.cpp, line 210]
Event: 6.405 Thread 0x000000001b191800 Exception <a 'java/lang/ClassNotFoundException': build_27td6phpu8sdf1ti0zq6ys11p$_run_closure1Customizer> (0x00000000e18d8f00) thrown at [D:\src\AOSP-openjdk-cygwin\jdk8u\hotspot\src\share\vm\classfile\systemDictionary.cpp, line 210]
Event: 6.417 Thread 0x000000001b191800 Exception <a 'java/lang/ClassNotFoundException': org/gradle/api/internal/file/collections/DefaultConfigurableFileTreeBeanInfo> (0x00000000e1a84748) thrown at [D:\src\AOSP-openjdk-cygwin\jdk8u\hotspot\src\share\vm\classfile\systemDictionary.cpp, line 210]
Event: 6.417 Thread 0x000000001b191800 Exception <a 'java/lang/ClassNotFoundException': org/gradle/api/internal/file/CompositeFileTreeBeanInfo> (0x00000000e1abc910) thrown at [D:\src\AOSP-openjdk-cygwin\jdk8u\hotspot\src\share\vm\classfile\systemDictionary.cpp, line 210]
Event: 6.418 Thread 0x000000001b191800 Exception <a 'java/lang/ClassNotFoundException': org/gradle/api/internal/file/CompositeFileCollectionBeanInfo> (0x00000000e1af9048) thrown at [D:\src\AOSP-openjdk-cygwin\jdk8u\hotspot\src\share\vm\classfile\systemDictionary.cpp, line 210]
Event: 6.419 Thread 0x000000001b191800 Exception <a 'java/lang/ClassNotFoundException': org/gradle/api/internal/file/AbstractFileCollectionBeanInfo> (0x00000000e1b35e90) thrown at [D:\src\AOSP-openjdk-cygwin\jdk8u\hotspot\src\share\vm\classfile\systemDictionary.cpp, line 210]
Event: 6.419 Thread 0x000000001b191800 Exception <a 'java/lang/ClassNotFoundException': org/gradle/api/internal/file/AbstractFileCollectionCustomizer> (0x00000000e1b73738) thrown at [D:\src\AOSP-openjdk-cygwin\jdk8u\hotspot\src\share\vm\classfile\systemDictionary.cpp, line 210]
Event: 6.421 Thread 0x000000001b191800 Exception <a 'java/lang/ClassNotFoundException': org/gradle/api/internal/file/CompositeFileCollectionCustomizer> (0x00000000e1bc1120) thrown at [D:\src\AOSP-openjdk-cygwin\jdk8u\hotspot\src\share\vm\classfile\systemDictionary.cpp, line 210]
Event: 6.423 Thread 0x000000001b191800 Exception <a 'java/lang/ClassNotFoundException': org/gradle/api/internal/file/CompositeFileTreeCustomizer> (0x00000000e1c0b190) thrown at [D:\src\AOSP-openjdk-cygwin\jdk8u\hotspot\src\share\vm\classfile\systemDictionary.cpp, line 210]
Event: 6.424 Thread 0x000000001b191800 Exception <a 'java/lang/ClassNotFoundException': org/gradle/api/internal/file/collections/DefaultConfigurableFileTreeCustomizer> (0x00000000e1c5fff8) thrown at [D:\src\AOSP-openjdk-cygwin\jdk8u\hotspot\src\share\vm\classfile\systemDictionary.cpp, line 210

Events (10 events):
Event: 6.438 loading class org/gradle/api/plugins/JavaPlugin
Event: 6.438 loading class org/gradle/api/plugins/JavaPlugin done
Event: 6.438 loading class org/gradle/api/plugins/JavaPlugin
Event: 6.438 loading class org/gradle/api/plugins/JavaPlugin done
Event: 6.439 loading class org/gradle/api/internal/plugins/PluginManagerInternal$PluginWithId
Event: 6.439 loading class org/gradle/api/internal/plugins/PluginManagerInternal$PluginWithId done
Event: 6.441 loading class org/gradle/api/ProjectState
Event: 6.441 loading class org/gradle/api/ProjectState done
Event: 6.441 loading class com/android/build/gradle/internal/scope/InternalArtifactType$LINT_JAR
Event: 6.441 loading class com/android/build/gradle/internal/scope/InternalArtifactType$LINT_JAR done


Dynamic libraries:
0x00007ff738da0000 - 0x00007ff738dd1000 	D:\ОНПУ\Андроид\jre\bin\java.exe
0x00007ffd3d650000 - 0x00007ffd3d844000 	C:\Windows\SYSTEM32\ntdll.dll
0x00007ffd3d470000 - 0x00007ffd3d52d000 	C:\Windows\System32\KERNEL32.DLL
0x00007ffd3b190000 - 0x00007ffd3b457000 	C:\Windows\System32\KERNELBASE.dll
0x00007ffd3b9b0000 - 0x00007ffd3ba5a000 	C:\Windows\System32\ADVAPI32.dll
0x00007ffd3d5b0000 - 0x00007ffd3d64e000 	C:\Windows\System32\msvcrt.dll
0x00007ffd3ccf0000 - 0x00007ffd3cd8b000 	C:\Windows\System32\sechost.dll
0x00007ffd3cb60000 - 0x00007ffd3cc83000 	C:\Windows\System32\RPCRT4.dll
0x00007ffd3cd90000 - 0x00007ffd3cf30000 	C:\Windows\System32\USER32.dll
0x00007ffd3b050000 - 0x00007ffd3b072000 	C:\Windows\System32\win32u.dll
0x00007ffd3ba60000 - 0x00007ffd3ba8a000 	C:\Windows\System32\GDI32.dll
0x00007ffd3b080000 - 0x00007ffd3b18a000 	C:\Windows\System32\gdi32full.dll
0x00007ffd3aeb0000 - 0x00007ffd3af4d000 	C:\Windows\System32\msvcp_win.dll
0x00007ffd3b460000 - 0x00007ffd3b560000 	C:\Windows\System32\ucrtbase.dll
0x00007ffd23aa0000 - 0x00007ffd23d3a000 	C:\Windows\WinSxS\amd64_microsoft.windows.common-controls_6595b64144ccf1df_6.0.19041.1_none_b555e41d4684ddec\COMCTL32.dll
0x00007ffd3cb30000 - 0x00007ffd3cb60000 	C:\Windows\System32\IMM32.DLL
0x000000005c930000 - 0x000000005ca02000 	D:\ОНПУ\Андроид\jre\jre\bin\msvcr100.dll
0x000000005caf0000 - 0x000000005d336000 	D:\ОНПУ\Андроид\jre\jre\bin\server\jvm.dll
0x00007ffd3bf30000 - 0x00007ffd3bf38000 	C:\Windows\System32\PSAPI.DLL
0x00007ffd35150000 - 0x00007ffd35159000 	C:\Windows\SYSTEM32\WSOCK32.dll
0x00007ffd32d90000 - 0x00007ffd32db7000 	C:\Windows\SYSTEM32\WINMM.dll
0x00007ffd32df0000 - 0x00007ffd32dfa000 	C:\Windows\SYSTEM32\VERSION.dll
0x00007ffd3c020000 - 0x00007ffd3c08b000 	C:\Windows\System32\WS2_32.dll
0x00007ffd35000000 - 0x00007ffd3500f000 	D:\ОНПУ\Андроид\jre\jre\bin\verify.dll
0x00007ffd33ea0000 - 0x00007ffd33ec9000 	D:\ОНПУ\Андроид\jre\jre\bin\java.dll
0x00007ffd345b0000 - 0x00007ffd345c6000 	D:\ОНПУ\Андроид\jre\jre\bin\zip.dll
0x00007ffd3c090000 - 0x00007ffd3c7c1000 	C:\Windows\System32\SHELL32.dll
0x00007ffd38f60000 - 0x00007ffd396ea000 	C:\Windows\SYSTEM32\windows.storage.dll
0x00007ffd3c7d0000 - 0x00007ffd3cb24000 	C:\Windows\System32\combase.dll
0x00007ffd3a770000 - 0x00007ffd3a79b000 	C:\Windows\SYSTEM32\Wldp.dll
0x00007ffd3b6f0000 - 0x00007ffd3b79e000 	C:\Windows\System32\SHCORE.dll
0x00007ffd3d410000 - 0x00007ffd3d465000 	C:\Windows\System32\shlwapi.dll
0x00007ffd3ad10000 - 0x00007ffd3ad2f000 	C:\Windows\SYSTEM32\profapi.dll
0x00007ffd33d40000 - 0x00007ffd33d5a000 	D:\ОНПУ\Андроид\jre\jre\bin\net.dll
0x00007ffd2ef60000 - 0x00007ffd2f14d000 	C:\Windows\SYSTEM32\urlmon.dll
0x00007ffd2ecb0000 - 0x00007ffd2ef5e000 	C:\Windows\SYSTEM32\iertutil.dll
0x00007ffd3a500000 - 0x00007ffd3a56a000 	C:\Windows\system32\mswsock.dll
0x00007ffd33d20000 - 0x00007ffd33d33000 	D:\ОНПУ\Андроид\jre\jre\bin\nio.dll
0x00007ffd2dbf0000 - 0x00007ffd2dc16000 	C:\Users\vlada\.gradle\native\30\windows-amd64\native-platform.dll
0x00007ffd33f00000 - 0x00007ffd33f0d000 	D:\ОНПУ\Андроид\jre\jre\bin\management.dll
0x00007ffd3a6d0000 - 0x00007ffd3a6e8000 	C:\Windows\SYSTEM32\CRYPTSP.dll
0x00007ffd39e90000 - 0x00007ffd39ec4000 	C:\Windows\system32\rsaenh.dll
0x00007ffd3b6c0000 - 0x00007ffd3b6e7000 	C:\Windows\System32\bcrypt.dll
0x00007ffd3ac90000 - 0x00007ffd3acbe000 	C:\Windows\SYSTEM32\USERENV.dll
0x00007ffd3add0000 - 0x00007ffd3ae4f000 	C:\Windows\System32\bcryptprimitives.dll
0x00007ffd3ab60000 - 0x00007ffd3ab6c000 	C:\Windows\SYSTEM32\CRYPTBASE.dll
0x00007ffd3a1f0000 - 0x00007ffd3a22b000 	C:\Windows\SYSTEM32\IPHLPAPI.DLL
0x00007ffd3bf20000 - 0x00007ffd3bf29000 	C:\Windows\System32\NSI.dll
0x00007ffd330c0000 - 0x00007ffd330d7000 	C:\Windows\SYSTEM32\dhcpcsvc6.DLL
0x00007ffd33310000 - 0x00007ffd3332d000 	C:\Windows\SYSTEM32\dhcpcsvc.DLL
0x00007ffd3a230000 - 0x00007ffd3a2fa000 	C:\Windows\SYSTEM32\DNSAPI.dll

VM Arguments:
jvm_args: -Xmx1536m -Dfile.encoding=windows-1251 -Duser.country=RU -Duser.language=ru -Duser.variant 
java_command: org.gradle.launcher.daemon.bootstrap.GradleDaemon 5.6.4
java_class_path (initial): C:\Users\vlada\.gradle\wrapper\dists\gradle-5.6.4-all\ankdp27end7byghfw1q2sw75f\gradle-5.6.4\lib\gradle-launcher-5.6.4.jar
Launcher Type: SUN_STANDARD

Environment Variables:
PATH=C:\Program Files (x86)\Common Files\Oracle\Java\javapath;C:\Windows\system32;C:\Windows;C:\Windows\System32\Wbem;C:\Windows\System32\WindowsPowerShell\v1.0\;C:\Users\vlada\AppData\Local\Microsoft\WindowsApps;
USERNAME=vlada
OS=Windows_NT
PROCESSOR_IDENTIFIER=AMD64 Family 23 Model 24 Stepping 1, AuthenticAMD



---------------  S Y S T E M  ---------------

OS: Windows 10.0 , 64 bit Build 19041 (10.0.19041.1)

CPU:total 8 (initial active 8) (8 cores per cpu, 1 threads per core) family 23 model 24 stepping 1, cmov, cx8, fxsr, mmx, sse, sse2, sse3, ssse3, sse4.1, sse4.2, popcnt, avx, avx2, aes, clmul, mmxext, 3dnowpref, lzcnt, sse4a, tsc, tscinvbit, tscinv, bmi1

Memory: 4k page, physical 8194364k(1605380k free), swap 8194364k(5220k free)

vm_info: OpenJDK 64-Bit Server VM (25.212-b04) for windows-amd64 JRE (1.8.0_212-release-1586-b04), built by "builder" with MS VC++ 10.0 (VS2010)

time: Tue Mar 03 20:44:39 2020
timezone: Финляндия (зима)
elapsed time: 6 seconds (0d 0h 0m 6s)

