#
# There is insufficient memory for the Java Runtime Environment to continue.
# Native memory allocation (malloc) failed to allocate 1147680 bytes for Chunk::new
# Possible reasons:
#   The system is out of physical RAM or swap space
#   The process is running with CompressedOops enabled, and the Java Heap may be blocking the growth of the native heap
# Possible solutions:
#   Reduce memory load on the system
#   Increase physical memory or swap space
#   Check if swap backing store is full
#   Decrease Java heap size (-Xmx/-Xms)
#   Decrease number of Java threads
#   Decrease Java thread stack sizes (-Xss)
#   Set larger code cache with -XX:ReservedCodeCacheSize=
#   JVM is running with Unscaled Compressed Oops mode in which the Java heap is
#     placed in the first 4GB address space. The Java Heap base address is the
#     maximum limit for the native heap growth. Please use -XX:HeapBaseMinAddress
#     to set the Java Heap base and to place the Java Heap above 4GB virtual address.
# This output file may be truncated or incomplete.
#
#  Out of Memory Error (allocation.cpp:389), pid=8740, tid=0x000000000000100c
#
# JRE version: OpenJDK Runtime Environment (8.0_212-b04) (build 1.8.0_212-release-1586-b04)
# Java VM: OpenJDK 64-Bit Server VM (25.212-b04 mixed mode windows-amd64 compressed oops)
# Failed to write core dump. Minidumps are not enabled by default on client versions of Windows
#

---------------  T H R E A D  ---------------

Current thread (0x0000000018f8e000):  JavaThread "C2 CompilerThread1" daemon [_thread_in_native, id=4108, stack(0x0000000019960000,0x0000000019a60000)]

Stack: [0x0000000019960000,0x0000000019a60000]
[error occurred during error reporting (printing stack bounds), id 0xc0000005]

Native frames: (J=compiled Java code, j=interpreted, Vv=VM code, C=native code)


Current CompileTask:
C2:   7422 4237   !   4       com.sun.beans.TypeResolver::resolve (274 bytes)


---------------  P R O C E S S  ---------------

Java Threads: ( => current thread )
  0x000000001fa3a000 JavaThread "Cache worker for Build Output Cleanup Cache (C:\Users\vlada\AndroidStudioProjects\MyApplication\.gradle\buildOutputCleanup)" [_thread_blocked, id=8492, stack(0x0000000023200000,0x0000000023300000)]
  0x000000001fa3d000 JavaThread "Build operations Thread 8" [_thread_blocked, id=7444, stack(0x0000000022850000,0x0000000022950000)]
  0x000000001fa39800 JavaThread "Build operations Thread 7" [_thread_blocked, id=3864, stack(0x0000000022750000,0x0000000022850000)]
  0x000000001fa3b000 JavaThread "Build operations Thread 6" [_thread_blocked, id=4692, stack(0x0000000022650000,0x0000000022750000)]
  0x000000001fa3f800 JavaThread "Build operations Thread 5" [_thread_blocked, id=8440, stack(0x0000000022550000,0x0000000022650000)]
  0x000000001fa40000 JavaThread "Build operations Thread 4" [_thread_blocked, id=4584, stack(0x0000000022450000,0x0000000022550000)]
  0x000000001fa3b800 JavaThread "Build operations Thread 3" [_thread_blocked, id=7360, stack(0x0000000022350000,0x0000000022450000)]
  0x000000001fa3e800 JavaThread "Build operations Thread 2" [_thread_blocked, id=3156, stack(0x0000000022250000,0x0000000022350000)]
  0x000000001fa3e000 JavaThread "Build operations" [_thread_blocked, id=1988, stack(0x0000000022150000,0x0000000022250000)]
  0x000000001ad52000 JavaThread "Cache worker for execution history cache (C:\Users\vlada\.gradle\caches\5.6.4\executionHistory)" [_thread_blocked, id=5616, stack(0x0000000021e50000,0x0000000021f50000)]
  0x000000001ad52800 JavaThread "Cache worker for cache directory md-rule (C:\Users\vlada\.gradle\caches\5.6.4\md-rule)" [_thread_blocked, id=6192, stack(0x0000000020d80000,0x0000000020e80000)]
  0x000000001ad4f800 JavaThread "Cache worker for cache directory md-supplier (C:\Users\vlada\.gradle\caches\5.6.4\md-supplier)" [_thread_blocked, id=9180, stack(0x000000001ff30000,0x0000000020030000)]
  0x000000001ad4f000 JavaThread "Cache worker for file hash cache (C:\Users\vlada\AndroidStudioProjects\MyApplication\.gradle\5.6.4\fileHashes)" [_thread_blocked, id=8340, stack(0x0000000020080000,0x0000000020180000)]
  0x000000001ad54000 JavaThread "Cache worker for journal cache (C:\Users\vlada\.gradle\caches\journal-1)" [_thread_blocked, id=8796, stack(0x000000001da90000,0x000000001db90000)]
  0x000000001ad53800 JavaThread "File lock request listener" [_thread_in_native, id=8732, stack(0x000000001d990000,0x000000001da90000)]
  0x000000001be20800 JavaThread "Cache worker for file hash cache (C:\Users\vlada\.gradle\caches\5.6.4\fileHashes)" [_thread_blocked, id=6988, stack(0x000000001d890000,0x000000001d990000)]
  0x000000001bb6c800 JavaThread "Thread-9" [_thread_blocked, id=7452, stack(0x000000001d790000,0x000000001d890000)]
  0x000000001bb78000 JavaThread "Stdin handler" [_thread_blocked, id=8516, stack(0x000000001d690000,0x000000001d790000)]
  0x000000001bb76800 JavaThread "Asynchronous log dispatcher for DefaultDaemonConnection: socket connection from /127.0.0.1:54053 to /127.0.0.1:54054" [_thread_blocked, id=836, stack(0x000000001d590000,0x000000001d690000)]
  0x000000001bb71800 JavaThread "Daemon worker" [_thread_in_vm, id=5856, stack(0x000000001d490000,0x000000001d590000)]
  0x000000001bb70800 JavaThread "Cancel handler" [_thread_blocked, id=2884, stack(0x000000001d390000,0x000000001d490000)]
  0x000000001bac9000 JavaThread "Handler for socket connection from /127.0.0.1:54053 to /127.0.0.1:54054" [_thread_in_native, id=6260, stack(0x000000001d090000,0x000000001d190000)]
  0x000000001baaf800 JavaThread "Daemon" [_thread_blocked, id=7564, stack(0x000000001cf90000,0x000000001d090000)]
  0x000000001baa7000 JavaThread "Daemon periodic checks" [_thread_blocked, id=4368, stack(0x000000001ce90000,0x000000001cf90000)]
  0x000000001baa6800 JavaThread "Incoming local TCP Connector on port 54053" [_thread_in_native, id=8064, stack(0x000000001cc40000,0x000000001cd40000)]
  0x0000000019318800 JavaThread "Daemon health stats" [_thread_blocked, id=6180, stack(0x000000001c600000,0x000000001c700000)]
  0x0000000018ff0000 JavaThread "Service Thread" daemon [_thread_blocked, id=3860, stack(0x0000000019c60000,0x0000000019d60000)]
  0x0000000018f98000 JavaThread "C1 CompilerThread3" daemon [_thread_blocked, id=2308, stack(0x0000000019b60000,0x0000000019c60000)]
  0x0000000018f8f000 JavaThread "C2 CompilerThread2" daemon [_thread_in_native, id=6276, stack(0x0000000019a60000,0x0000000019b60000)]
=>0x0000000018f8e000 JavaThread "C2 CompilerThread1" daemon [_thread_in_native, id=4108, stack(0x0000000019960000,0x0000000019a60000)]
  0x0000000018f8a000 JavaThread "C2 CompilerThread0" daemon [_thread_in_native, id=5500, stack(0x0000000019860000,0x0000000019960000)]
  0x0000000018f84800 JavaThread "Attach Listener" daemon [_thread_blocked, id=9068, stack(0x0000000019760000,0x0000000019860000)]
  0x0000000018f83000 JavaThread "Signal Dispatcher" daemon [_thread_blocked, id=5012, stack(0x0000000019660000,0x0000000019760000)]
  0x00000000033ae000 JavaThread "Finalizer" daemon [_thread_blocked, id=1408, stack(0x0000000019450000,0x0000000019550000)]
  0x00000000033a5000 JavaThread "Reference Handler" daemon [_thread_blocked, id=8776, stack(0x0000000019350000,0x0000000019450000)]
  0x00000000032b0800 JavaThread "main" [_thread_blocked, id=2696, stack(0x00000000031b0000,0x00000000032b0000)]

Other Threads:
  0x0000000017168800 VMThread [stack: 0x0000000018e50000,0x0000000018f50000] [id=1868]
  0x0000000018ff1000 WatcherThread [stack: 0x0000000019d60000,0x0000000019e60000] [id=8964]

VM state:not at safepoint (normal execution)

VM Mutex/Monitor currently owned by a thread: None

heap address: 0x00000000a0000000, size: 1536 MB, Compressed Oops mode: 32-bit
Narrow klass base: 0x0000000000000000, Narrow klass shift: 3
Compressed class space size: 1073741824 Address: 0x0000000100000000

Heap:
 PSYoungGen      total 150016K, used 63181K [0x00000000e0000000, 0x00000000ea800000, 0x0000000100000000)
  eden space 137728K, 36% used [0x00000000e0000000,0x00000000e31b8878,0x00000000e8680000)
  from space 12288K, 99% used [0x00000000e9c00000,0x00000000ea7fae88,0x00000000ea800000)
  to   space 14848K, 0% used [0x00000000e8b00000,0x00000000e8b00000,0x00000000e9980000)
 ParOldGen       total 86528K, used 19153K [0x00000000a0000000, 0x00000000a5480000, 0x00000000e0000000)
  object space 86528K, 22% used [0x00000000a0000000,0x00000000a12b4678,0x00000000a5480000)
 Metaspace       used 50130K, capacity 51582K, committed 51752K, reserved 1093632K
  class space    used 6812K, capacity 7180K, committed 7208K, reserved 1048576K

Card table byte_map: [0x0000000012770000,0x0000000012a80000] byte_map_base: 0x0000000012270000

Marking Bits: (ParMarkBitMap*) 0x000000005d2b9f30
 Begin Bits: [0x0000000013480000, 0x0000000014c80000)
 End Bits:   [0x0000000014c80000, 0x0000000016480000)

Polling page: 0x0000000003020000

CodeCache: size=245760Kb used=15281Kb max_used=15293Kb free=230478Kb
 bounds [0x00000000033b0000, 0x00000000042b0000, 0x00000000123b0000]
 total_blobs=5216 nmethods=4446 adapters=683
 compilation: enabled

Compilation events (10 events):
Event: 7.405 Thread 0x0000000018f98000 4505       3       org.gradle.internal.operations.DefaultBuildOperationExecutor$DefaultBuildOperationContext::setResult (6 bytes)
Event: 7.405 Thread 0x0000000018f98000 nmethod 4505 0x000000000429ef50 code [0x000000000429f0a0, 0x000000000429f210]
Event: 7.405 Thread 0x0000000018f98000 4504       3       org.gradle.api.internal.DefaultDomainObjectCollection::withMutationDisabled (11 bytes)
Event: 7.405 Thread 0x0000000018f98000 nmethod 4504 0x000000000429f290 code [0x000000000429f400, 0x000000000429f6d8]
Event: 7.405 Thread 0x0000000018f8f000 4506       4       org.gradle.internal.operations.OperationIdentifier::hashCode (8 bytes)
Event: 7.406 Thread 0x0000000018f8f000 nmethod 4506 0x0000000004246010 code [0x0000000004246140, 0x00000000042461b8]
Event: 7.410 Thread 0x0000000018f98000 4507       3       org.gradle.internal.ImmutableActionSet::mergeFrom (31 bytes)
Event: 7.410 Thread 0x0000000018f98000 nmethod 4507 0x00000000042a1d50 code [0x00000000042a1ee0, 0x00000000042a2348]
Event: 7.418 Thread 0x0000000018f8f000 4508       4       java.lang.ThreadLocal$ThreadLocalMap::set (136 bytes)
Event: 7.419 Thread 0x0000000018f98000 4509       3       org.gradle.api.internal.provider.AbstractProperty::canMutate (63 bytes)

GC Heap History (10 events):
Event: 3.847 GC heap before
{Heap before GC invocations=8 (full 1):
 PSYoungGen      total 75776K, used 65024K [0x00000000e0000000, 0x00000000e5600000, 0x0000000100000000)
  eden space 65024K, 100% used [0x00000000e0000000,0x00000000e3f80000,0x00000000e3f80000)
  from space 10752K, 0% used [0x00000000e4a80000,0x00000000e4a80000,0x00000000e5500000)
  to   space 11264K, 0% used [0x00000000e3f80000,0x00000000e3f80000,0x00000000e4a80000)
 ParOldGen       total 57856K, used 9490K [0x00000000a0000000, 0x00000000a3880000, 0x00000000e0000000)
  object space 57856K, 16% used [0x00000000a0000000,0x00000000a0944aa0,0x00000000a3880000)
 Metaspace       used 29049K, capacity 29570K, committed 29696K, reserved 1075200K
  class space    used 3914K, capacity 4069K, committed 4096K, reserved 1048576K
Event: 3.855 GC heap after
Heap after GC invocations=8 (full 1):
 PSYoungGen      total 76288K, used 8080K [0x00000000e0000000, 0x00000000e7e00000, 0x0000000100000000)
  eden space 65024K, 0% used [0x00000000e0000000,0x00000000e0000000,0x00000000e3f80000)
  from space 11264K, 71% used [0x00000000e3f80000,0x00000000e4764338,0x00000000e4a80000)
  to   space 11264K, 0% used [0x00000000e7300000,0x00000000e7300000,0x00000000e7e00000)
 ParOldGen       total 57856K, used 9498K [0x00000000a0000000, 0x00000000a3880000, 0x00000000e0000000)
  object space 57856K, 16% used [0x00000000a0000000,0x00000000a0946aa0,0x00000000a3880000)
 Metaspace       used 29049K, capacity 29570K, committed 29696K, reserved 1075200K
  class space    used 3914K, capacity 4069K, committed 4096K, reserved 1048576K
}
Event: 4.491 GC heap before
{Heap before GC invocations=9 (full 1):
 PSYoungGen      total 76288K, used 73104K [0x00000000e0000000, 0x00000000e7e00000, 0x0000000100000000)
  eden space 65024K, 100% used [0x00000000e0000000,0x00000000e3f80000,0x00000000e3f80000)
  from space 11264K, 71% used [0x00000000e3f80000,0x00000000e4764338,0x00000000e4a80000)
  to   space 11264K, 0% used [0x00000000e7300000,0x00000000e7300000,0x00000000e7e00000)
 ParOldGen       total 57856K, used 9498K [0x00000000a0000000, 0x00000000a3880000, 0x00000000e0000000)
  object space 57856K, 16% used [0x00000000a0000000,0x00000000a0946aa0,0x00000000a3880000)
 Metaspace       used 32028K, capacity 32544K, committed 32768K, reserved 1077248K
  class space    used 4394K, capacity 4591K, committed 4608K, reserved 1048576K
Event: 4.504 GC heap after
Heap after GC invocations=9 (full 1):
 PSYoungGen      total 117248K, used 8419K [0x00000000e0000000, 0x00000000e8000000, 0x0000000100000000)
  eden space 105984K, 0% used [0x00000000e0000000,0x00000000e0000000,0x00000000e6780000)
  from space 11264K, 74% used [0x00000000e7300000,0x00000000e7b38e30,0x00000000e7e00000)
  to   space 11776K, 0% used [0x00000000e6780000,0x00000000e6780000,0x00000000e7300000)
 ParOldGen       total 57856K, used 9506K [0x00000000a0000000, 0x00000000a3880000, 0x00000000e0000000)
  object space 57856K, 16% used [0x00000000a0000000,0x00000000a0948aa0,0x00000000a3880000)
 Metaspace       used 32028K, capacity 32544K, committed 32768K, reserved 1077248K
  class space    used 4394K, capacity 4591K, committed 4608K, reserved 1048576K
}
Event: 5.132 GC heap before
{Heap before GC invocations=10 (full 1):
 PSYoungGen      total 117248K, used 69878K [0x00000000e0000000, 0x00000000e8000000, 0x0000000100000000)
  eden space 105984K, 57% used [0x00000000e0000000,0x00000000e3c04d78,0x00000000e6780000)
  from space 11264K, 74% used [0x00000000e7300000,0x00000000e7b38e30,0x00000000e7e00000)
  to   space 11776K, 0% used [0x00000000e6780000,0x00000000e6780000,0x00000000e7300000)
 ParOldGen       total 57856K, used 9506K [0x00000000a0000000, 0x00000000a3880000, 0x00000000e0000000)
  object space 57856K, 16% used [0x00000000a0000000,0x00000000a0948aa0,0x00000000a3880000)
 Metaspace       used 34636K, capacity 35438K, committed 35496K, reserved 1079296K
  class space    used 4768K, capacity 5000K, committed 5032K, reserved 1048576K
Event: 5.143 GC heap after
Heap after GC invocations=10 (full 1):
 PSYoungGen      total 117760K, used 10002K [0x00000000e0000000, 0x00000000ea800000, 0x0000000100000000)
  eden space 105984K, 0% used [0x00000000e0000000,0x00000000e0000000,0x00000000e6780000)
  from space 11776K, 84% used [0x00000000e6780000,0x00000000e7144908,0x00000000e7300000)
  to   space 12288K, 0% used [0x00000000e9c00000,0x00000000e9c00000,0x00000000ea800000)
 ParOldGen       total 57856K, used 9514K [0x00000000a0000000, 0x00000000a3880000, 0x00000000e0000000)
  object space 57856K, 16% used [0x00000000a0000000,0x00000000a094aaa0,0x00000000a3880000)
 Metaspace       used 34636K, capacity 35438K, committed 35496K, reserved 1079296K
  class space    used 4768K, capacity 5000K, committed 5032K, reserved 1048576K
}
Event: 5.143 GC heap before
{Heap before GC invocations=11 (full 2):
 PSYoungGen      total 117760K, used 10002K [0x00000000e0000000, 0x00000000ea800000, 0x0000000100000000)
  eden space 105984K, 0% used [0x00000000e0000000,0x00000000e0000000,0x00000000e6780000)
  from space 11776K, 84% used [0x00000000e6780000,0x00000000e7144908,0x00000000e7300000)
  to   space 12288K, 0% used [0x00000000e9c00000,0x00000000e9c00000,0x00000000ea800000)
 ParOldGen       total 57856K, used 9514K [0x00000000a0000000, 0x00000000a3880000, 0x00000000e0000000)
  object space 57856K, 16% used [0x00000000a0000000,0x00000000a094aaa0,0x00000000a3880000)
 Metaspace       used 34636K, capacity 35438K, committed 35496K, reserved 1079296K
  class space    used 4768K, capacity 5000K, committed 5032K, reserved 1048576K
Event: 5.188 GC heap after
Heap after GC invocations=11 (full 2):
 PSYoungGen      total 117760K, used 0K [0x00000000e0000000, 0x00000000ea800000, 0x0000000100000000)
  eden space 105984K, 0% used [0x00000000e0000000,0x00000000e0000000,0x00000000e6780000)
  from space 11776K, 0% used [0x00000000e6780000,0x00000000e6780000,0x00000000e7300000)
  to   space 12288K, 0% used [0x00000000e9c00000,0x00000000e9c00000,0x00000000ea800000)
 ParOldGen       total 86528K, used 16717K [0x00000000a0000000, 0x00000000a5480000, 0x00000000e0000000)
  object space 86528K, 19% used [0x00000000a0000000,0x00000000a10535c0,0x00000000a5480000)
 Metaspace       used 34620K, capacity 35384K, committed 35496K, reserved 1079296K
  class space    used 4763K, capacity 4991K, committed 5032K, reserved 1048576K
}
Event: 6.602 GC heap before
{Heap before GC invocations=12 (full 2):
 PSYoungGen      total 117760K, used 105984K [0x00000000e0000000, 0x00000000ea800000, 0x0000000100000000)
  eden space 105984K, 100% used [0x00000000e0000000,0x00000000e6780000,0x00000000e6780000)
  from space 11776K, 0% used [0x00000000e6780000,0x00000000e6780000,0x00000000e7300000)
  to   space 12288K, 0% used [0x00000000e9c00000,0x00000000e9c00000,0x00000000ea800000)
 ParOldGen       total 86528K, used 16717K [0x00000000a0000000, 0x00000000a5480000, 0x00000000e0000000)
  object space 86528K, 19% used [0x00000000a0000000,0x00000000a10535c0,0x00000000a5480000)
 Metaspace       used 45131K, capacity 46272K, committed 46632K, reserved 1089536K
  class space    used 6067K, capacity 6350K, committed 6440K, reserved 1048576K
Event: 6.616 GC heap after
Heap after GC invocations=12 (full 2):
 PSYoungGen      total 150016K, used 12267K [0x00000000e0000000, 0x00000000ea800000, 0x0000000100000000)
  eden space 137728K, 0% used [0x00000000e0000000,0x00000000e0000000,0x00000000e8680000)
  from space 12288K, 99% used [0x00000000e9c00000,0x00000000ea7fae88,0x00000000ea800000)
  to   space 14848K, 0% used [0x00000000e8b00000,0x00000000e8b00000,0x00000000e9980000)
 ParOldGen       total 86528K, used 19153K [0x00000000a0000000, 0x00000000a5480000, 0x00000000e0000000)
  object space 86528K, 22% used [0x00000000a0000000,0x00000000a12b4678,0x00000000a5480000)
 Metaspace       used 45131K, capacity 46272K, committed 46632K, reserved 1089536K
  class space    used 6067K, capacity 6350K, committed 6440K, reserved 1048576K
}

Deoptimization events (10 events):
Event: 6.107 Thread 0x000000001bb71800 Uncommon trap: reason=unstable_if action=reinterpret pc=0x0000000003f2d83c method=java.security.CodeSource.matchCerts(Ljava/security/CodeSource;Z)Z @ 11
Event: 6.129 Thread 0x000000001bb71800 Uncommon trap: reason=unstable_if action=reinterpret pc=0x0000000003e63078 method=java.util.LinkedHashMap.get(Ljava/lang/Object;)Ljava/lang/Object; @ 20
Event: 6.196 Thread 0x000000001bb71800 Uncommon trap: reason=unstable_if action=reinterpret pc=0x0000000003c3a2cc method=org.objectweb.asm.ByteVector.putUTF8(Ljava/lang/String;)Lorg/objectweb/asm/ByteVector; @ 93
Event: 6.667 Thread 0x000000001bb71800 Uncommon trap: reason=unstable_if action=reinterpret pc=0x0000000003c16508 method=org.gradle.internal.reflect.PropertyAccessorType.of(Ljava/lang/reflect/Method;)Lorg/gradle/internal/reflect/PropertyAccessorType; @ 56
Event: 6.857 Thread 0x000000001bb71800 Uncommon trap: reason=speculate_class_check action=maybe_recompile pc=0x0000000003e044a8 method=com.google.common.collect.AbstractIndexedListIterator.next()Ljava/lang/Object; @ 27
Event: 6.857 Thread 0x000000001bb71800 Uncommon trap: reason=speculate_class_check action=maybe_recompile pc=0x0000000003e044a8 method=com.google.common.collect.AbstractIndexedListIterator.next()Ljava/lang/Object; @ 27
Event: 6.857 Thread 0x000000001bb71800 Uncommon trap: reason=speculate_class_check action=maybe_recompile pc=0x0000000003e044a8 method=com.google.common.collect.AbstractIndexedListIterator.next()Ljava/lang/Object; @ 27
Event: 6.857 Thread 0x000000001bb71800 Uncommon trap: reason=speculate_class_check action=maybe_recompile pc=0x0000000003e044a8 method=com.google.common.collect.AbstractIndexedListIterator.next()Ljava/lang/Object; @ 27
Event: 6.873 Thread 0x000000001bb71800 Uncommon trap: reason=unstable_if action=reinterpret pc=0x0000000003fc09ec method=org.gradle.internal.instantiation.AbstractClassGenerator$InjectionAnnotationValidator.validateMethod(Ljava/lang/reflect/Method;Lorg/gradle/internal/reflect/PropertyAccessorT
Event: 6.940 Thread 0x000000001bb71800 Uncommon trap: reason=bimorphic action=maybe_recompile pc=0x0000000003bd3b4c method=java.util.WeakHashMap.eq(Ljava/lang/Object;Ljava/lang/Object;)Z @ 7

Classes redefined (0 events):
No events

Internal exceptions (10 events):
Event: 6.965 Thread 0x000000001bb71800 Exception <a 'java/lang/ClassNotFoundException': org/gradle/api/internal/file/AbstractFileCollectionBeanInfo> (0x00000000e1a5e0d8) thrown at [D:\src\AOSP-openjdk-cygwin\jdk8u\hotspot\src\share\vm\classfile\systemDictionary.cpp, line 210]
Event: 6.966 Thread 0x000000001bb71800 Exception <a 'java/lang/ClassNotFoundException': org/gradle/api/internal/file/AbstractFileCollectionCustomizer> (0x00000000e1a9b968) thrown at [D:\src\AOSP-openjdk-cygwin\jdk8u\hotspot\src\share\vm\classfile\systemDictionary.cpp, line 210]
Event: 6.967 Thread 0x000000001bb71800 Exception <a 'java/lang/ClassNotFoundException': org/gradle/api/internal/file/CompositeFileCollectionCustomizer> (0x00000000e1ae9350) thrown at [D:\src\AOSP-openjdk-cygwin\jdk8u\hotspot\src\share\vm\classfile\systemDictionary.cpp, line 210]
Event: 6.969 Thread 0x000000001bb71800 Exception <a 'java/lang/ClassNotFoundException': org/gradle/api/internal/file/CompositeFileTreeCustomizer> (0x00000000e1b333c0) thrown at [D:\src\AOSP-openjdk-cygwin\jdk8u\hotspot\src\share\vm\classfile\systemDictionary.cpp, line 210]
Event: 6.970 Thread 0x000000001bb71800 Exception <a 'java/lang/ClassNotFoundException': org/gradle/api/internal/file/collections/DefaultConfigurableFileTreeCustomizer> (0x00000000e1b882a0) thrown at [D:\src\AOSP-openjdk-cygwin\jdk8u\hotspot\src\share\vm\classfile\systemDictionary.cpp, line 210
Event: 7.158 Thread 0x000000001bb71800 Exception <a 'java/lang/ClassNotFoundException': org/gradle/api/plugins/internal/DefaultBasePluginConventionBeanInfo> (0x00000000e2600720) thrown at [D:\src\AOSP-openjdk-cygwin\jdk8u\hotspot\src\share\vm\classfile\systemDictionary.cpp, line 210]
Event: 7.159 Thread 0x000000001bb71800 Exception <a 'java/lang/ClassNotFoundException': org/gradle/api/plugins/BasePluginConventionBeanInfo> (0x00000000e262ade0) thrown at [D:\src\AOSP-openjdk-cygwin\jdk8u\hotspot\src\share\vm\classfile\systemDictionary.cpp, line 210]
Event: 7.160 Thread 0x000000001bb71800 Exception <a 'java/lang/ClassNotFoundException': org/gradle/api/plugins/BasePluginConventionCustomizer> (0x00000000e2655b80) thrown at [D:\src\AOSP-openjdk-cygwin\jdk8u\hotspot\src\share\vm\classfile\systemDictionary.cpp, line 210]
Event: 7.161 Thread 0x000000001bb71800 Exception <a 'java/lang/ClassNotFoundException': org/gradle/api/plugins/internal/DefaultBasePluginConventionCustomizer> (0x00000000e269a8f0) thrown at [D:\src\AOSP-openjdk-cygwin\jdk8u\hotspot\src\share\vm\classfile\systemDictionary.cpp, line 210]
Event: 7.176 Thread 0x000000001bb71800 Exception <a 'java/lang/NoSuchMethodError': java.lang.Object.lambda$comparingInt$7b0bb60$1(Ljava/util/function/ToIntFunction;Ljava/lang/Object;Ljava/lang/Object;)I> (0x00000000e27215e0) thrown at [D:\src\AOSP-openjdk-cygwin\jdk8u\hotspot\src\share\vm\inte

Events (10 events):
Event: 7.415 loading class com/android/build/gradle/internal/tasks/FinalizeBundleTask$CreationAction$handleProvider$1
Event: 7.415 loading class com/android/build/gradle/internal/tasks/FinalizeBundleTask$CreationAction$handleProvider$1 done
Event: 7.416 loading class com/android/build/gradle/internal/tasks/BundleToApkTask
Event: 7.416 loading class com/android/build/gradle/internal/tasks/BundleToApkTask done
Event: 7.418 loading class com/android/build/gradle/internal/tasks/BundleToApkTask$CreationAction$handleProvider$1
Event: 7.418 loading class com/android/build/gradle/internal/tasks/BundleToApkTask$CreationAction$handleProvider$1 done
Event: 7.419 loading class com/android/build/gradle/internal/tasks/BundleToStandaloneApkTask
Event: 7.419 loading class com/android/build/gradle/internal/tasks/BundleToStandaloneApkTask done
Event: 7.420 loading class com/android/build/gradle/internal/scope/InternalArtifactType$UNIVERSAL_APK
Event: 7.420 loading class com/android/build/gradle/internal/scope/InternalArtifactType$UNIVERSAL_APK done


Dynamic libraries:
0x00007ff738da0000 - 0x00007ff738dd1000 	D:\ОНПУ\Андроид\jre\bin\java.exe
0x00007ffd3d650000 - 0x00007ffd3d844000 	C:\Windows\SYSTEM32\ntdll.dll
0x00007ffd3d470000 - 0x00007ffd3d52d000 	C:\Windows\System32\KERNEL32.DLL
0x00007ffd3b190000 - 0x00007ffd3b457000 	C:\Windows\System32\KERNELBASE.dll
0x00007ffd3b9b0000 - 0x00007ffd3ba5a000 	C:\Windows\System32\ADVAPI32.dll
0x00007ffd3d5b0000 - 0x00007ffd3d64e000 	C:\Windows\System32\msvcrt.dll
0x00007ffd3ccf0000 - 0x00007ffd3cd8b000 	C:\Windows\System32\sechost.dll
0x00007ffd3cb60000 - 0x00007ffd3cc83000 	C:\Windows\System32\RPCRT4.dll
0x00007ffd3cd90000 - 0x00007ffd3cf30000 	C:\Windows\System32\USER32.dll
0x00007ffd3b050000 - 0x00007ffd3b072000 	C:\Windows\System32\win32u.dll
0x00007ffd3ba60000 - 0x00007ffd3ba8a000 	C:\Windows\System32\GDI32.dll
0x00007ffd3b080000 - 0x00007ffd3b18a000 	C:\Windows\System32\gdi32full.dll
0x00007ffd3aeb0000 - 0x00007ffd3af4d000 	C:\Windows\System32\msvcp_win.dll
0x00007ffd3b460000 - 0x00007ffd3b560000 	C:\Windows\System32\ucrtbase.dll
0x00007ffd23aa0000 - 0x00007ffd23d3a000 	C:\Windows\WinSxS\amd64_microsoft.windows.common-controls_6595b64144ccf1df_6.0.19041.1_none_b555e41d4684ddec\COMCTL32.dll
0x00007ffd3cb30000 - 0x00007ffd3cb60000 	C:\Windows\System32\IMM32.DLL
0x000000005c930000 - 0x000000005ca02000 	D:\ОНПУ\Андроид\jre\jre\bin\msvcr100.dll
0x000000005caf0000 - 0x000000005d336000 	D:\ОНПУ\Андроид\jre\jre\bin\server\jvm.dll
0x00007ffd3bf30000 - 0x00007ffd3bf38000 	C:\Windows\System32\PSAPI.DLL
0x00007ffd35150000 - 0x00007ffd35159000 	C:\Windows\SYSTEM32\WSOCK32.dll
0x00007ffd32d90000 - 0x00007ffd32db7000 	C:\Windows\SYSTEM32\WINMM.dll
0x00007ffd32df0000 - 0x00007ffd32dfa000 	C:\Windows\SYSTEM32\VERSION.dll
0x00007ffd3c020000 - 0x00007ffd3c08b000 	C:\Windows\System32\WS2_32.dll
0x00007ffd35000000 - 0x00007ffd3500f000 	D:\ОНПУ\Андроид\jre\jre\bin\verify.dll
0x00007ffd33ea0000 - 0x00007ffd33ec9000 	D:\ОНПУ\Андроид\jre\jre\bin\java.dll
0x00007ffd345b0000 - 0x00007ffd345c6000 	D:\ОНПУ\Андроид\jre\jre\bin\zip.dll
0x00007ffd3c090000 - 0x00007ffd3c7c1000 	C:\Windows\System32\SHELL32.dll
0x00007ffd38f60000 - 0x00007ffd396ea000 	C:\Windows\SYSTEM32\windows.storage.dll
0x00007ffd3c7d0000 - 0x00007ffd3cb24000 	C:\Windows\System32\combase.dll
0x00007ffd3a770000 - 0x00007ffd3a79b000 	C:\Windows\SYSTEM32\Wldp.dll
0x00007ffd3b6f0000 - 0x00007ffd3b79e000 	C:\Windows\System32\SHCORE.dll
0x00007ffd3d410000 - 0x00007ffd3d465000 	C:\Windows\System32\shlwapi.dll
0x00007ffd3ad10000 - 0x00007ffd3ad2f000 	C:\Windows\SYSTEM32\profapi.dll
0x00007ffd33d40000 - 0x00007ffd33d5a000 	D:\ОНПУ\Андроид\jre\jre\bin\net.dll
0x00007ffd2ef60000 - 0x00007ffd2f14d000 	C:\Windows\SYSTEM32\urlmon.dll
0x00007ffd2ecb0000 - 0x00007ffd2ef5e000 	C:\Windows\SYSTEM32\iertutil.dll
0x00007ffd3a500000 - 0x00007ffd3a56a000 	C:\Windows\system32\mswsock.dll
0x00007ffd33d20000 - 0x00007ffd33d33000 	D:\ОНПУ\Андроид\jre\jre\bin\nio.dll
0x00007ffd2dbf0000 - 0x00007ffd2dc16000 	C:\Users\vlada\.gradle\native\30\windows-amd64\native-platform.dll
0x00007ffd33f00000 - 0x00007ffd33f0d000 	D:\ОНПУ\Андроид\jre\jre\bin\management.dll
0x00007ffd3a6d0000 - 0x00007ffd3a6e8000 	C:\Windows\SYSTEM32\CRYPTSP.dll
0x00007ffd39e90000 - 0x00007ffd39ec4000 	C:\Windows\system32\rsaenh.dll
0x00007ffd3b6c0000 - 0x00007ffd3b6e7000 	C:\Windows\System32\bcrypt.dll
0x00007ffd3ac90000 - 0x00007ffd3acbe000 	C:\Windows\SYSTEM32\USERENV.dll
0x00007ffd3add0000 - 0x00007ffd3ae4f000 	C:\Windows\System32\bcryptprimitives.dll
0x00007ffd3ab60000 - 0x00007ffd3ab6c000 	C:\Windows\SYSTEM32\CRYPTBASE.dll
0x00007ffd3a1f0000 - 0x00007ffd3a22b000 	C:\Windows\SYSTEM32\IPHLPAPI.DLL
0x00007ffd3bf20000 - 0x00007ffd3bf29000 	C:\Windows\System32\NSI.dll
0x00007ffd330c0000 - 0x00007ffd330d7000 	C:\Windows\SYSTEM32\dhcpcsvc6.DLL
0x00007ffd33310000 - 0x00007ffd3332d000 	C:\Windows\SYSTEM32\dhcpcsvc.DLL
0x00007ffd3a230000 - 0x00007ffd3a2fa000 	C:\Windows\SYSTEM32\DNSAPI.dll

VM Arguments:
jvm_args: -Xmx1536m -Dfile.encoding=windows-1251 -Duser.country=RU -Duser.language=ru -Duser.variant 
java_command: org.gradle.launcher.daemon.bootstrap.GradleDaemon 5.6.4
java_class_path (initial): C:\Users\vlada\.gradle\wrapper\dists\gradle-5.6.4-all\ankdp27end7byghfw1q2sw75f\gradle-5.6.4\lib\gradle-launcher-5.6.4.jar
Launcher Type: SUN_STANDARD

Environment Variables:
PATH=C:\Program Files (x86)\Common Files\Oracle\Java\javapath;C:\Windows\system32;C:\Windows;C:\Windows\System32\Wbem;C:\Windows\System32\WindowsPowerShell\v1.0\;C:\Users\vlada\AppData\Local\Microsoft\WindowsApps;
USERNAME=vlada
OS=Windows_NT
PROCESSOR_IDENTIFIER=AMD64 Family 23 Model 24 Stepping 1, AuthenticAMD



---------------  S Y S T E M  ---------------

OS: Windows 10.0 , 64 bit Build 19041 (10.0.19041.1)

CPU:total 8 (initial active 8) (8 cores per cpu, 1 threads per core) family 23 model 24 stepping 1, cmov, cx8, fxsr, mmx, sse, sse2, sse3, ssse3, sse4.1, sse4.2, popcnt, avx, avx2, aes, clmul, mmxext, 3dnowpref, lzcnt, sse4a, tsc, tscinvbit, tscinv, bmi1

Memory: 4k page, physical 8194364k(1644212k free), swap 8194364k(6116k free)

vm_info: OpenJDK 64-Bit Server VM (25.212-b04) for windows-amd64 JRE (1.8.0_212-release-1586-b04), built by "builder" with MS VC++ 10.0 (VS2010)

time: Tue Mar 03 20:44:22 2020
timezone: Финляндия (зима)
elapsed time: 7 seconds (0d 0h 0m 7s)

